# JRE version: Java(TM) SE Runtime Environment (7.0_40-b43) (build 1.7.0_40-b43)
# Java VM: Java HotSpot(TM) 64-Bit Server VM (24.0-b56 mixed mode windows-amd64 compressed oops)
Heap
 PSYoungGen      total 541696K, used 3800K [0x00000007aaa80000, 0x00000007d1c80000, 0x0000000800000000)
  eden space 460800K, 0% used [0x00000007aaa80000,0x00000007aae36310,0x00000007c6c80000)
  from space 80896K, 0% used [0x00000007c6c80000,0x00000007c6c80000,0x00000007cbb80000)
  to   space 81920K, 0% used [0x00000007ccc80000,0x00000007ccc80000,0x00000007d1c80000)
 ParOldGen       total 175104K, used 83792K [0x0000000700000000, 0x000000070ab00000, 0x00000007aaa80000)
  object space 175104K, 47% used [0x0000000700000000,0x00000007051d43d0,0x000000070ab00000)
 PSPermGen       total 76800K, used 38386K [0x00000006fae00000, 0x00000006ff900000, 0x0000000700000000)
  object space 76800K, 49% used [0x00000006fae00000,0x00000006fd37cb68,0x00000006ff900000)
GC Heap History (10 events):
Event: 19.388 GC heap before
{Heap before GC invocations=6 (full 0):
 PSYoungGen      total 142848K, used 142365K [0x00000007aaa80000, 0x00000007be880000, 0x0000000800000000)
  eden space 132096K, 99% used [0x00000007aaa80000,0x00000007b2b0b250,0x00000007b2b80000)
  from space 10752K, 99% used [0x00000007b2b80000,0x00000007b35fc2d0,0x00000007b3600000)
  to   space 30720K, 0% used [0x00000007bca80000,0x00000007bca80000,0x00000007be880000)
 ParOldGen       total 175104K, used 23629K [0x0000000700000000, 0x000000070ab00000, 0x00000007aaa80000)
  object space 175104K, 13% used [0x0000000700000000,0x0000000701713498,0x000000070ab00000)
 PSPermGen       total 35840K, used 35470K [0x00000006fae00000, 0x00000006fd100000, 0x0000000700000000)
  object space 35840K, 98% used [0x00000006fae00000,0x00000006fd0a38a8,0x00000006fd100000)
Event: 19.436 GC heap after
Heap after GC invocations=6 (full 0):
 PSYoungGen      total 269312K, used 30719K [0x00000007aaa80000, 0x00000007c1a80000, 0x0000000800000000)
  eden space 238592K, 0% used [0x00000007aaa80000,0x00000007aaa80000,0x00000007b9380000)
  from space 30720K, 99% used [0x00000007bca80000,0x00000007be87fd98,0x00000007be880000)
  to   space 56320K, 0% used [0x00000007b9380000,0x00000007b9380000,0x00000007bca80000)
 ParOldGen       total 175104K, used 56788K [0x0000000700000000, 0x000000070ab00000, 0x00000007aaa80000)
  object space 175104K, 32% used [0x0000000700000000,0x00000007037753d8,0x000000070ab00000)
 PSPermGen       total 35840K, used 35470K [0x00000006fae00000, 0x00000006fd100000, 0x0000000700000000)
  object space 35840K, 98% used [0x00000006fae00000,0x00000006fd0a38a8,0x00000006fd100000)
}
Event: 20.010 GC heap before
{Heap before GC invocations=7 (full 0):
 PSYoungGen      total 269312K, used 259414K [0x00000007aaa80000, 0x00000007c1a80000, 0x0000000800000000)
  eden space 238592K, 95% used [0x00000007aaa80000,0x00000007b89d5dd8,0x00000007b9380000)
  from space 30720K, 99% used [0x00000007bca80000,0x00000007be87fd98,0x00000007be880000)
  to   space 56320K, 0% used [0x00000007b9380000,0x00000007b9380000,0x00000007bca80000)
 ParOldGen       total 175104K, used 56788K [0x0000000700000000, 0x000000070ab00000, 0x00000007aaa80000)
  object space 175104K, 32% used [0x0000000700000000,0x00000007037753d8,0x000000070ab00000)
 PSPermGen       total 36352K, used 35956K [0x00000006fae00000, 0x00000006fd180000, 0x0000000700000000)
  object space 36352K, 98% used [0x00000006fae00000,0x00000006fd11d148,0x00000006fd180000)
Event: 20.064 GC heap after
Heap after GC invocations=7 (full 0):
 PSYoungGen      total 294912K, used 47208K [0x00000007aaa80000, 0x00000007cfa80000, 0x0000000800000000)
  eden space 238592K, 0% used [0x00000007aaa80000,0x00000007aaa80000,0x00000007b9380000)
  from space 56320K, 83% used [0x00000007b9380000,0x00000007bc19a120,0x00000007bca80000)
  to   space 64512K, 0% used [0x00000007cbb80000,0x00000007cbb80000,0x00000007cfa80000)
 ParOldGen       total 175104K, used 91798K [0x0000000700000000, 0x000000070ab00000, 0x00000007aaa80000)
  object space 175104K, 52% used [0x0000000700000000,0x00000007059a59e8,0x000000070ab00000)
 PSPermGen       total 36352K, used 35956K [0x00000006fae00000, 0x00000006fd180000, 0x0000000700000000)
  object space 36352K, 98% used [0x00000006fae00000,0x00000006fd11d148,0x00000006fd180000)
}
Event: 26.832 GC heap before
{Heap before GC invocations=8 (full 0):
 PSYoungGen      total 294912K, used 285800K [0x00000007aaa80000, 0x00000007cfa80000, 0x0000000800000000)
  eden space 238592K, 100% used [0x00000007aaa80000,0x00000007b9380000,0x00000007b9380000)
  from space 56320K, 83% used [0x00000007b9380000,0x00000007bc19a120,0x00000007bca80000)
  to   space 64512K, 0% used [0x00000007cbb80000,0x00000007cbb80000,0x00000007cfa80000)
 ParOldGen       total 175104K, used 91798K [0x0000000700000000, 0x000000070ab00000, 0x00000007aaa80000)
  object space 175104K, 52% used [0x0000000700000000,0x00000007059a59e8,0x000000070ab00000)
 PSPermGen       total 38400K, used 38144K [0x00000006fae00000, 0x00000006fd380000, 0x0000000700000000)
  object space 38400K, 99% used [0x00000006fae00000,0x00000006fd340278,0x00000006fd380000)
Event: 26.873 GC heap after
Heap after GC invocations=8 (full 0):
 PSYoungGen      total 525312K, used 64488K [0x00000007aaa80000, 0x00000007d1a80000, 0x0000000800000000)
  eden space 460800K, 0% used [0x00000007aaa80000,0x00000007aaa80000,0x00000007c6c80000)
  from space 64512K, 99% used [0x00000007cbb80000,0x00000007cfa7a138,0x00000007cfa80000)
  to   space 80896K, 0% used [0x00000007c6c80000,0x00000007c6c80000,0x00000007cbb80000)
 ParOldGen       total 175104K, used 100637K [0x0000000700000000, 0x000000070ab00000, 0x00000007aaa80000)
  object space 175104K, 57% used [0x0000000700000000,0x0000000706247608,0x000000070ab00000)
 PSPermGen       total 38400K, used 38144K [0x00000006fae00000, 0x00000006fd380000, 0x0000000700000000)
  object space 38400K, 99% used [0x00000006fae00000,0x00000006fd340278,0x00000006fd380000)
}
Event: 26.983 GC heap before
{Heap before GC invocations=9 (full 0):
 PSYoungGen      total 525312K, used 99480K [0x00000007aaa80000, 0x00000007d1a80000, 0x0000000800000000)
  eden space 460800K, 7% used [0x00000007aaa80000,0x00000007accac040,0x00000007c6c80000)
  from space 64512K, 99% used [0x00000007cbb80000,0x00000007cfa7a138,0x00000007cfa80000)
  to   space 80896K, 0% used [0x00000007c6c80000,0x00000007c6c80000,0x00000007cbb80000)
 ParOldGen       total 175104K, used 100637K [0x0000000700000000, 0x000000070ab00000, 0x00000007aaa80000)
  object space 175104K, 57% used [0x0000000700000000,0x0000000706247608,0x000000070ab00000)
 PSPermGen       total 38912K, used 38400K [0x00000006fae00000, 0x00000006fd400000, 0x0000000700000000)
  object space 38912K, 98% used [0x00000006fae00000,0x00000006fd380368,0x00000006fd400000)
Event: 27.020 GC heap after
Heap after GC invocations=9 (full 0):
 PSYoungGen      total 541696K, used 47120K [0x00000007aaa80000, 0x00000007d1c80000, 0x0000000800000000)
  eden space 460800K, 0% used [0x00000007aaa80000,0x00000007aaa80000,0x00000007c6c80000)
  from space 80896K, 58% used [0x00000007c6c80000,0x00000007c9a84140,0x00000007cbb80000)
  to   space 81920K, 0% used [0x00000007ccc80000,0x00000007ccc80000,0x00000007d1c80000)
 ParOldGen       total 175104K, used 125768K [0x0000000700000000, 0x000000070ab00000, 0x00000007aaa80000)
  object space 175104K, 71% used [0x0000000700000000,0x0000000707ad2378,0x000000070ab00000)
 PSPermGen       total 38912K, used 38400K [0x00000006fae00000, 0x00000006fd400000, 0x0000000700000000)
  object space 38912K, 98% used [0x00000006fae00000,0x00000006fd380368,0x00000006fd400000)
}
Event: 27.020 GC heap before
{Heap before GC invocations=10 (full 1):
 PSYoungGen      total 541696K, used 47120K [0x00000007aaa80000, 0x00000007d1c80000, 0x0000000800000000)
  eden space 460800K, 0% used [0x00000007aaa80000,0x00000007aaa80000,0x00000007c6c80000)
  from space 80896K, 58% used [0x00000007c6c80000,0x00000007c9a84140,0x00000007cbb80000)
  to   space 81920K, 0% used [0x00000007ccc80000,0x00000007ccc80000,0x00000007d1c80000)
 ParOldGen       total 175104K, used 125768K [0x0000000700000000, 0x000000070ab00000, 0x00000007aaa80000)
  object space 175104K, 71% used [0x0000000700000000,0x0000000707ad2378,0x000000070ab00000)
 PSPermGen       total 38912K, used 38400K [0x00000006fae00000, 0x00000006fd400000, 0x0000000700000000)
  object space 38912K, 98% used [0x00000006fae00000,0x00000006fd380368,0x00000006fd400000)
Event: 27.371 GC heap after
Heap after GC invocations=10 (full 1):
 PSYoungGen      total 541696K, used 0K [0x00000007aaa80000, 0x00000007d1c80000, 0x0000000800000000)
  eden space 460800K, 0% used [0x00000007aaa80000,0x00000007aaa80000,0x00000007c6c80000)
  from space 80896K, 0% used [0x00000007c6c80000,0x00000007c6c80000,0x00000007cbb80000)
  to   space 81920K, 0% used [0x00000007ccc80000,0x00000007ccc80000,0x00000007d1c80000)
 ParOldGen       total 175104K, used 83792K [0x0000000700000000, 0x000000070ab00000, 0x00000007aaa80000)
  object space 175104K, 47% used [0x0000000700000000,0x00000007051d43d0,0x000000070ab00000)
 PSPermGen       total 76800K, used 38385K [0x00000006fae00000, 0x00000006ff900000, 0x0000000700000000)
  object space 76800K, 49% used [0x00000006fae00000,0x00000006fd37c540,0x00000006ff900000)
}

